Using pre-set license
Built from '2021.3/staging' branch; Version is '2021.3.22f1 (b6c551784ba3) revision 11978065'; Using compiler version '192829333'; Build Type 'Release'
OS: 'Windows 10  (10.0.19045) 64bit ProfessionalWorkstation' Language: 'en' Physical Memory: 16306 MB
BatchMode: 1, IsHumanControllingUs: 0, StartBugReporterOnCrash: 0, Is64bit: 1, IsPro: 1

COMMAND LINE ARGUMENTS:
C:\Program Files\Unity\Hub\Editor\2021.3.22f1\Editor\Unity.exe
-adb2
-batchMode
-noUpm
-name
AssetImportWorker0
-projectPath
C:/Users/Imaginarium Admin/Documents/GitHub/COMM170_Week6_Inouye/COMM170_Week6_3DModelingPractice
-logFile
Logs/AssetImportWorker0.log
-srvPort
54615
Successfully changed project path to: C:/Users/Imaginarium Admin/Documents/GitHub/COMM170_Week6_Inouye/COMM170_Week6_3DModelingPractice
C:/Users/Imaginarium Admin/Documents/GitHub/COMM170_Week6_Inouye/COMM170_Week6_3DModelingPractice
[UnityMemory] Configuration Parameters - Can be set up in boot.config
    "memorysetup-bucket-allocator-granularity=16"
    "memorysetup-bucket-allocator-bucket-count=8"
    "memorysetup-bucket-allocator-block-size=33554432"
    "memorysetup-bucket-allocator-block-count=8"
    "memorysetup-main-allocator-block-size=16777216"
    "memorysetup-thread-allocator-block-size=16777216"
    "memorysetup-gfx-main-allocator-block-size=16777216"
    "memorysetup-gfx-thread-allocator-block-size=16777216"
    "memorysetup-cache-allocator-block-size=4194304"
    "memorysetup-typetree-allocator-block-size=2097152"
    "memorysetup-profiler-bucket-allocator-granularity=16"
    "memorysetup-profiler-bucket-allocator-bucket-count=8"
    "memorysetup-profiler-bucket-allocator-block-size=33554432"
    "memorysetup-profiler-bucket-allocator-block-count=8"
    "memorysetup-profiler-allocator-block-size=16777216"
    "memorysetup-profiler-editor-allocator-block-size=1048576"
    "memorysetup-temp-allocator-size-main=16777216"
    "memorysetup-job-temp-allocator-block-size=2097152"
    "memorysetup-job-temp-allocator-block-size-background=1048576"
    "memorysetup-job-temp-allocator-reduction-small-platforms=262144"
    "memorysetup-temp-allocator-size-background-worker=32768"
    "memorysetup-temp-allocator-size-job-worker=262144"
    "memorysetup-temp-allocator-size-preload-manager=33554432"
    "memorysetup-temp-allocator-size-nav-mesh-worker=65536"
    "memorysetup-temp-allocator-size-audio-worker=65536"
    "memorysetup-temp-allocator-size-cloud-worker=32768"
    "memorysetup-temp-allocator-size-gi-baking-worker=262144"
    "memorysetup-temp-allocator-size-gfx=262144"
Player connection [15068] Host "[IP] 172.16.3.215 [Port] 0 [Flags] 2 [Guid] 520344541 [EditorId] 520344541 [Version] 1048832 [Id] WindowsEditor(7,IMG-D-01090) [Debug] 1 [PackageName] WindowsEditor [ProjectName] Editor" joined multi-casting on [225.0.0.222:54997]...

Player connection [15068] Host "[IP] 172.16.3.215 [Port] 0 [Flags] 2 [Guid] 520344541 [EditorId] 520344541 [Version] 1048832 [Id] WindowsEditor(7,IMG-D-01090) [Debug] 1 [PackageName] WindowsEditor [ProjectName] Editor" joined alternative multi-casting on [225.0.0.222:34997]...

Refreshing native plugins compatible for Editor in 301.77 ms, found 3 plugins.
Preloading 0 native plugins for Editor in 0.00 ms.
Initialize engine version: 2021.3.22f1 (b6c551784ba3)
[Subsystems] Discovering subsystems at path C:/Program Files/Unity/Hub/Editor/2021.3.22f1/Editor/Data/Resources/UnitySubsystems
[Subsystems] Discovering subsystems at path C:/Users/Imaginarium Admin/Documents/GitHub/COMM170_Week6_Inouye/COMM170_Week6_3DModelingPractice/Assets
GfxDevice: creating device client; threaded=0; jobified=0
Direct3D:
    Version:  Direct3D 11.0 [level 11.1]
    Renderer: NVIDIA Quadro P4000 (ID=0x1bb1)
    Vendor:   NVIDIA
    VRAM:     8089 MB
    Driver:   30.0.14.7212
Initialize mono
Mono path[0] = 'C:/Program Files/Unity/Hub/Editor/2021.3.22f1/Editor/Data/Managed'
Mono path[1] = 'C:/Program Files/Unity/Hub/Editor/2021.3.22f1/Editor/Data/MonoBleedingEdge/lib/mono/unityjit-win32'
Mono config path = 'C:/Program Files/Unity/Hub/Editor/2021.3.22f1/Editor/Data/MonoBleedingEdge/etc'
Using monoOptions --debugger-agent=transport=dt_socket,embedding=1,server=y,suspend=n,address=127.0.0.1:56124
Begin MonoManager ReloadAssembly
Registering precompiled unity dll's ...
Register platform support module: C:/Program Files/Unity/Hub/Editor/2021.3.22f1/Editor/Data/PlaybackEngines/AndroidPlayer/UnityEditor.Android.Extensions.dll
Register platform support module: C:/Program Files/Unity/Hub/Editor/2021.3.22f1/Editor/Data/PlaybackEngines/WindowsStandaloneSupport/UnityEditor.WindowsStandalone.Extensions.dll
Registered in 0.041491 seconds.
Native extension for WindowsStandalone target not found
Native extension for Android target not found
Android Extension - Scanning For ADB Devices 820 ms
Refreshing native plugins compatible for Editor in 91.95 ms, found 3 plugins.
Preloading 0 native plugins for Editor in 0.00 ms.
Mono: successfully reloaded assembly
- Completed reload, in  2.274 seconds
Domain Reload Profiling:
	ReloadAssembly (2275ms)
		BeginReloadAssembly (323ms)
			ExecutionOrderSort (0ms)
			DisableScriptedObjects (0ms)
			BackupInstance (0ms)
			ReleaseScriptingObjects (0ms)
			CreateAndSetChildDomain (2ms)
		EndReloadAssembly (1676ms)
			LoadAssemblies (318ms)
			RebuildTransferFunctionScriptingTraits (0ms)
			SetupTypeCache (252ms)
			ReleaseScriptCaches (0ms)
			RebuildScriptCaches (44ms)
			SetupLoadedEditorAssemblies (1278ms)
				LogAssemblyErrors (0ms)
				InitializePlatformSupportModulesInManaged (977ms)
				SetLoadedEditorAssemblies (0ms)
				RefreshPlugins (92ms)
				BeforeProcessingInitializeOnLoad (2ms)
				ProcessInitializeOnLoadAttributes (132ms)
				ProcessInitializeOnLoadMethodAttributes (74ms)
				AfterProcessingInitializeOnLoad (0ms)
				EditorAssembliesLoaded (0ms)
			ExecutionOrderSort2 (0ms)
			AwakeInstancesAfterBackupRestoration (0ms)
Platform modules already initialized, skipping
Registering precompiled user dll's ...
Registered in 0.065936 seconds.
Begin MonoManager ReloadAssembly
Symbol file LoadedFromMemory doesn't match image C:\Users\Imaginarium Admin\Documents\GitHub\COMM170_Week6_Inouye\COMM170_Week6_3DModelingPractice\Library\PackageCache\com.unity.visualscripting@1.8.0\Editor\VisualScripting.Core\Dependencies\YamlDotNet\Unity.VisualScripting.YamlDotNet.dll
Symbol file LoadedFromMemory doesn't match image C:\Users\Imaginarium Admin\Documents\GitHub\COMM170_Week6_Inouye\COMM170_Week6_3DModelingPractice\Library\PackageCache\com.unity.visualscripting@1.8.0\Editor\VisualScripting.Core\Dependencies\DotNetZip\Unity.VisualScripting.IonicZip.dll
Native extension for WindowsStandalone target not found
Native extension for Android target not found
Refreshing native plugins compatible for Editor in 0.78 ms, found 3 plugins.
Preloading 0 native plugins for Editor in 0.00 ms.
Mono: successfully reloaded assembly
- Completed reload, in  1.962 seconds
Domain Reload Profiling:
	ReloadAssembly (1963ms)
		BeginReloadAssembly (283ms)
			ExecutionOrderSort (0ms)
			DisableScriptedObjects (7ms)
			BackupInstance (0ms)
			ReleaseScriptingObjects (0ms)
			CreateAndSetChildDomain (34ms)
		EndReloadAssembly (1480ms)
			LoadAssemblies (364ms)
			RebuildTransferFunctionScriptingTraits (0ms)
			SetupTypeCache (441ms)
			ReleaseScriptCaches (1ms)
			RebuildScriptCaches (110ms)
			SetupLoadedEditorAssemblies (560ms)
				LogAssemblyErrors (0ms)
				InitializePlatformSupportModulesInManaged (36ms)
				SetLoadedEditorAssemblies (0ms)
				RefreshPlugins (1ms)
				BeforeProcessingInitializeOnLoad (144ms)
				ProcessInitializeOnLoadAttributes (330ms)
				ProcessInitializeOnLoadMethodAttributes (27ms)
				AfterProcessingInitializeOnLoad (21ms)
				EditorAssembliesLoaded (0ms)
			ExecutionOrderSort2 (0ms)
			AwakeInstancesAfterBackupRestoration (14ms)
Platform modules already initialized, skipping
========================================================================
Worker process is ready to serve import requests
Launched and connected shader compiler UnityShaderCompiler.exe after 0.12 seconds
Refreshing native plugins compatible for Editor in 0.68 ms, found 3 plugins.
Preloading 0 native plugins for Editor in 0.00 ms.
Unloading 3047 Unused Serialized files (Serialized files now loaded: 0)
Unloading 24 unused Assets / (113.8 KB). Loaded Objects now: 3509.
Memory consumption went from 108.7 MB to 108.6 MB.
Total: 6.369700 ms (FindLiveObjects: 0.444600 ms CreateObjectMapping: 0.190500 ms MarkObjects: 5.599200 ms  DeleteObjects: 0.133600 ms)

AssetImportParameters requested are different than current active one (requested -> active):
  custom:video-decoder-ogg-theora: a1e56fd34408186e4bbccfd4996cb3dc -> 
  custom:container-muxer-webm: aa71ff27fc2769a1b78a27578f13a17b -> 
  custom:container-demuxer-webm: 4f35f7cbe854078d1ac9338744f61a02 -> 
  custom:video-encoder-webm-vp8: eb34c28f22e8b96e1ab97ce403110664 -> 
  custom:audio-encoder-webm-vorbis: bf7c407c2cedff20999df2af8eb42d56 -> 
  custom:framework-win-MediaFoundation: 216162199b28c13a410421893ffa2e32 -> 
  custom:container-demuxer-ogg: 62fdf1f143b41e24485cea50d1cbac27 -> 
  custom:video-decoder-webm-vp8: 9c59270c3fd7afecdb556c50c9e8de78 -> 
  custom:audio-decoder-ogg-vorbis: bf7c407c2cedff20999df2af8eb42d56 -> 
========================================================================
Received Import Request.
  Time since last request: 94229.570416 seconds.
  path: Assets/Photogrammetry 3D Models/SaunderModel-u-.fbx.rcInfo
  artifactKey: Guid(5f4622c65c0dae140a5fba1d62e74036) Importer(815301076,1909f56bfc062723c751e8b465ee728b)
Start importing Assets/Photogrammetry 3D Models/SaunderModel-u-.fbx.rcInfo using Guid(5f4622c65c0dae140a5fba1d62e74036) Importer(815301076,1909f56bfc062723c751e8b465ee728b)  -> (artifact id: '00350bf292ec9e699ef2b48d7a1eb6e6') in 0.064975 seconds 
========================================================================
Received Import Request.
  Time since last request: 2488.491818 seconds.
  path: Assets/Photogrammetry 3D Models/SaunderModel-u-.fbx
  artifactKey: Guid(d5a3ac9f0b3ce3b4ab7c31d183fe279b) Importer(815301076,1909f56bfc062723c751e8b465ee728b)
Start importing Assets/Photogrammetry 3D Models/SaunderModel-u-.fbx using Guid(d5a3ac9f0b3ce3b4ab7c31d183fe279b) Importer(815301076,1909f56bfc062723c751e8b465ee728b)  -> (artifact id: 'ac30248bbd25b93c013acac70075aec5') in 0.243921 seconds 
========================================================================
Received Import Request.
  Time since last request: 272.644681 seconds.
  path: Assets/Photogrammetry 3D Models/SaunderModel-u-.obj
  artifactKey: Guid(90bcf119723bac14fafac1ff77ad074e) Importer(815301076,1909f56bfc062723c751e8b465ee728b)
Start importing Assets/Photogrammetry 3D Models/SaunderModel-u-.obj using Guid(90bcf119723bac14fafac1ff77ad074e) Importer(815301076,1909f56bfc062723c751e8b465ee728b)  -> (artifact id: 'b5ef9bd1dcc982bc8f33471dc47c7b4a') in 0.095973 seconds 
========================================================================
Received Import Request.
  Time since last request: 6.778830 seconds.
  path: Assets/Photogrammetry 3D Models/SaunderModel-u-.mtl
  artifactKey: Guid(5254ab5fac47319498257a368ff514c1) Importer(815301076,1909f56bfc062723c751e8b465ee728b)
Start importing Assets/Photogrammetry 3D Models/SaunderModel-u-.mtl using Guid(5254ab5fac47319498257a368ff514c1) Importer(815301076,1909f56bfc062723c751e8b465ee728b)  -> (artifact id: 'b9506ef27710e8a0e9ae8ee7e2f820c6') in 0.017444 seconds 
========================================================================
Received Import Request.
  Time since last request: 81.085910 seconds.
  path: Assets/Photogrammetry 3D Models/SaunderModel-u-.obj
  artifactKey: Guid(90bcf119723bac14fafac1ff77ad074e) Importer(815301076,1909f56bfc062723c751e8b465ee728b)
Start importing Assets/Photogrammetry 3D Models/SaunderModel-u-.obj using Guid(90bcf119723bac14fafac1ff77ad074e) Importer(815301076,1909f56bfc062723c751e8b465ee728b)  -> (artifact id: '8f46cc8d1a2c644783053dc4736484e5') in 0.066797 seconds 
========================================================================
Received Import Request.
  Time since last request: 419.164986 seconds.
  path: Assets/Photogrammetry 3D Models/SaunderModel-u-_u0_v0_diffuse.png
  artifactKey: Guid(840393e7f90e6e448a9dad15fa933819) Importer(815301076,1909f56bfc062723c751e8b465ee728b)
Start importing Assets/Photogrammetry 3D Models/SaunderModel-u-_u0_v0_diffuse.png using Guid(840393e7f90e6e448a9dad15fa933819) Importer(815301076,1909f56bfc062723c751e8b465ee728b)  -> (artifact id: 'a63d1d66d63524be77176a9cb170dc15') in 0.090120 seconds 
========================================================================
Received Import Request.
  Time since last request: 3.229250 seconds.
  path: Assets/Photogrammetry 3D Models/SaunderModel-u-_u0_v0_diffuse.png
  artifactKey: Guid(840393e7f90e6e448a9dad15fa933819) Importer(815301076,1909f56bfc062723c751e8b465ee728b)
Start importing Assets/Photogrammetry 3D Models/SaunderModel-u-_u0_v0_diffuse.png using Guid(840393e7f90e6e448a9dad15fa933819) Importer(815301076,1909f56bfc062723c751e8b465ee728b)  -> (artifact id: '9936d97661c2716388683996d2af084c') in 0.047418 seconds 
========================================================================
Received Import Request.
  Time since last request: 0.023404 seconds.
  path: Assets/Photogrammetry 3D Models/SaunderModel-u-.obj
  artifactKey: Guid(90bcf119723bac14fafac1ff77ad074e) Importer(815301076,1909f56bfc062723c751e8b465ee728b)
Start importing Assets/Photogrammetry 3D Models/SaunderModel-u-.obj using Guid(90bcf119723bac14fafac1ff77ad074e) Importer(815301076,1909f56bfc062723c751e8b465ee728b)  -> (artifact id: '6dc51e8ac24c09a59b3b509068e9c8f5') in 0.078179 seconds 
========================================================================
Received Import Request.
  Time since last request: 8.489225 seconds.
  path: Assets/Photogrammetry 3D Models/SaunderModel-u-_u0_v0_diffuse.png
  artifactKey: Guid(840393e7f90e6e448a9dad15fa933819) Importer(815301076,1909f56bfc062723c751e8b465ee728b)
Start importing Assets/Photogrammetry 3D Models/SaunderModel-u-_u0_v0_diffuse.png using Guid(840393e7f90e6e448a9dad15fa933819) Importer(815301076,1909f56bfc062723c751e8b465ee728b)  -> (artifact id: 'bb87b63d6e749c3a2f4e118f1f6774dc') in 0.041159 seconds 
========================================================================
Received Import Request.
  Time since last request: 0.028210 seconds.
  path: Assets/Photogrammetry 3D Models/SaunderModel-u-.obj
  artifactKey: Guid(90bcf119723bac14fafac1ff77ad074e) Importer(815301076,1909f56bfc062723c751e8b465ee728b)
Start importing Assets/Photogrammetry 3D Models/SaunderModel-u-.obj using Guid(90bcf119723bac14fafac1ff77ad074e) Importer(815301076,1909f56bfc062723c751e8b465ee728b)  -> (artifact id: '2a720134b3a649783708ddc61d585444') in 0.115490 seconds 
========================================================================
Received Import Request.
  Time since last request: 277.930091 seconds.
  path: Assets/Photogrammetry 3D Models/SaunderModel-u-.fbx
  artifactKey: Guid(d5a3ac9f0b3ce3b4ab7c31d183fe279b) Importer(815301076,1909f56bfc062723c751e8b465ee728b)
Start importing Assets/Photogrammetry 3D Models/SaunderModel-u-.fbx using Guid(d5a3ac9f0b3ce3b4ab7c31d183fe279b) Importer(815301076,1909f56bfc062723c751e8b465ee728b)  -> (artifact id: '00679e54a59b9e1d0049e028b13037e3') in 0.085272 seconds 
